TN:
SF:src\controller\user.controller.ts
FN:5,(anonymous_9)
FN:12,(anonymous_10)
FN:24,(anonymous_11)
FN:36,(anonymous_12)
FNF:4
FNH:2
FNDA:1,(anonymous_9)
FNDA:0,(anonymous_10)
FNDA:2,(anonymous_11)
FNDA:0,(anonymous_12)
DA:2,1
DA:5,1
DA:6,1
DA:7,1
DA:8,1
DA:9,0
DA:12,1
DA:13,0
DA:14,0
DA:15,0
DA:16,0
DA:17,0
DA:18,0
DA:20,0
DA:24,1
DA:25,2
DA:27,2
DA:28,1
DA:32,1
DA:36,1
DA:37,0
DA:38,0
DA:39,0
DA:40,0
DA:41,0
DA:42,0
DA:43,0
DA:47,0
LF:28
LH:12
BRDA:16,0,0,0
BRDA:16,0,1,0
BRDA:41,1,0,0
BRDA:41,1,1,0
BRF:4
BRH:0
end_of_record
TN:
SF:src\dao\user.dao.ts
FN:3,(anonymous_1)
FN:7,(anonymous_2)
FN:11,(anonymous_3)
FN:16,(anonymous_4)
FNF:4
FNH:2
FNDA:1,(anonymous_1)
FNDA:0,(anonymous_2)
FNDA:2,(anonymous_3)
FNDA:0,(anonymous_4)
DA:1,1
DA:3,1
DA:4,1
DA:7,1
DA:8,0
DA:11,1
DA:12,2
DA:13,2
DA:16,1
DA:17,0
LF:10
LH:8
BRF:0
BRH:0
end_of_record
TN:
SF:src\middlewares\auth.middleware.ts
FN:15,(anonymous_1)
FNF:1
FNH:1
FNDA:4,(anonymous_1)
DA:2,1
DA:3,1
DA:5,1
DA:13,1
DA:15,1
DA:16,4
DA:18,4
DA:19,0
DA:23,4
DA:26,4
DA:27,0
DA:30,4
DA:31,4
DA:33,4
DA:35,4
DA:37,0
LF:16
LH:13
BRDA:13,0,0,1
BRDA:13,0,1,0
BRDA:18,1,0,0
BRDA:18,1,1,4
BRDA:18,2,0,4
BRDA:18,2,1,4
BRDA:26,3,0,0
BRDA:26,3,1,4
BRF:8
BRH:5
end_of_record
TN:
SF:src\middlewares\user.middleware.ts
FN:4,(anonymous_0)
FN:7,(anonymous_1)
FNF:2
FNH:2
FNDA:4,(anonymous_0)
FNDA:4,(anonymous_1)
DA:4,1
DA:5,4
DA:6,4
DA:7,4
DA:8,4
DA:9,0
DA:11,4
DA:13,0
LF:8
LH:6
BRDA:7,0,0,4
BRDA:7,0,1,4
BRDA:8,1,0,0
BRDA:8,1,1,4
BRF:4
BRH:3
end_of_record
TN:
SF:src\middlewares\validate.middleware.ts
FN:4,(anonymous_0)
FN:5,(anonymous_1)
FNF:2
FNH:2
FNDA:1,(anonymous_0)
FNDA:4,(anonymous_1)
DA:4,1
DA:5,1
DA:6,4
DA:7,4
DA:12,4
DA:13,2
DA:15,2
LF:7
LH:7
BRDA:15,0,0,2
BRDA:15,0,1,2
BRDA:15,0,2,0
BRF:3
BRH:2
end_of_record
TN:
SF:src\models\role.model.ts
FNF:0
FNH:0
DA:1,1
DA:10,1
DA:19,1
LF:3
LH:3
BRF:0
BRH:0
end_of_record
TN:
SF:src\models\user.model.ts
FNF:0
FNH:0
DA:1,1
DA:22,1
DA:27,1
DA:52,1
LF:4
LH:4
BRF:0
BRH:0
end_of_record
TN:
SF:src\routes\user.routes.ts
FNF:0
FNH:0
DA:1,1
DA:2,1
DA:3,1
DA:4,1
DA:5,1
DA:6,1
DA:9,1
DA:22,1
DA:42,1
DA:74,1
DA:75,1
DA:77,1
LF:12
LH:12
BRF:0
BRH:0
end_of_record
TN:
SF:src\services\user.service.ts
FN:10,(anonymous_10)
FN:15,(anonymous_11)
FN:22,(anonymous_12)
FN:31,(anonymous_13)
FN:60,(anonymous_14)
FN:70,(anonymous_15)
FNF:6
FNH:2
FNDA:1,(anonymous_10)
FNDA:0,(anonymous_11)
FNDA:2,(anonymous_12)
FNDA:0,(anonymous_13)
FNDA:0,(anonymous_14)
FNDA:0,(anonymous_15)
DA:2,1
DA:3,1
DA:4,1
DA:6,1
DA:8,1
DA:10,1
DA:11,1
DA:12,1
DA:15,1
DA:16,0
DA:17,0
DA:18,0
DA:22,1
DA:24,2
DA:25,2
DA:26,2
DA:29,2
DA:30,2
DA:31,0
DA:33,2
DA:34,2
DA:35,1
DA:37,2
DA:52,2
DA:57,1
DA:60,1
DA:61,0
DA:62,0
DA:63,0
DA:64,0
DA:65,0
DA:66,0
DA:67,0
DA:68,0
DA:69,0
DA:70,0
DA:72,0
DA:73,0
LF:38
LH:22
BRDA:8,0,0,1
BRDA:8,0,1,1
BRDA:17,1,0,0
BRDA:17,1,1,0
BRDA:24,2,0,2
BRDA:24,2,1,0
BRDA:30,3,0,0
BRDA:30,3,1,2
BRDA:30,4,0,2
BRDA:30,4,1,0
BRDA:34,5,0,1
BRDA:34,5,1,1
BRDA:62,6,0,0
BRDA:62,6,1,0
BRDA:63,7,0,0
BRDA:63,7,1,0
BRDA:64,8,0,0
BRDA:64,8,1,0
BRDA:65,9,0,0
BRDA:65,9,1,0
BRDA:66,10,0,0
BRDA:66,10,1,0
BRDA:67,11,0,0
BRDA:67,11,1,0
BRDA:69,12,0,0
BRDA:69,12,1,0
BRF:26
BRH:7
end_of_record
TN:
SF:src\validators\user.validator.ts
FNF:0
FNH:0
DA:1,1
DA:4,1
DA:12,1
DA:17,1
DA:28,1
LF:5
LH:5
BRF:0
BRH:0
end_of_record
